{"C:\\Users\\User\\Downloads\\temp\\stellar-burgers\\src\\services\\store\\store.ts": {"path":"C:\\Users\\User\\Downloads\\temp\\stellar-burgers\\src\\services\\store\\store.ts","statementMap":{"0":{"start":{"line":1,"column":0},"end":{"line":1,"column":50}},"1":{"start":{"line":2,"column":0},"end":{"line":2,"column":77}},"2":{"start":{"line":3,"column":0},"end":{"line":3,"column":44}},"3":{"start":{"line":4,"column":0},"end":{"line":4,"column":58}},"4":{"start":{"line":5,"column":0},"end":{"line":5,"column":44}},"5":{"start":{"line":6,"column":0},"end":{"line":6,"column":47}},"6":{"start":{"line":7,"column":0},"end":{"line":7,"column":55}},"7":{"start":{"line":9,"column":14},"end":{"line":18,"column":2}},"8":{"start":{"line":24,"column":30},"end":{"line":24,"column":47}},"9":{"start":{"line":24,"column":36},"end":{"line":24,"column":63}},"10":{"start":{"line":24,"column":13},"end":{"line":24,"column":30}},"11":{"start":{"line":25,"column":13},"end":{"line":25,"column":75}},"12":{"start":{"line":27,"column":0},"end":{"line":27,"column":21}}},"fnMap":{"0":{"name":"(anonymous_1)","decl":{"start":{"line":24,"column":30},"end":{"line":24,"column":36}},"loc":{"start":{"line":24,"column":30},"end":{"line":24,"column":47}}}},"branchMap":{},"s":{"0":1,"1":1,"2":1,"3":1,"4":1,"5":1,"6":1,"7":1,"8":1,"9":0,"10":1,"11":1,"12":1},"f":{"0":0},"b":{}}
,"C:\\Users\\User\\Downloads\\temp\\stellar-burgers\\src\\services\\store\\actions\\auth-actions.ts": {"path":"C:\\Users\\User\\Downloads\\temp\\stellar-burgers\\src\\services\\store\\actions\\auth-actions.ts","statementMap":{"0":{"start":{"line":1,"column":0},"end":{"line":1,"column":null}},"1":{"start":{"line":10,"column":0},"end":{"line":10,"column":52}},"2":{"start":{"line":12,"column":13},"end":{"line":19,"column":2}},"3":{"start":{"line":15,"column":21},"end":{"line":15,"column":null}},"4":{"start":{"line":15,"column":10},"end":{"line":15,"column":null}},"5":{"start":{"line":17,"column":4},"end":{"line":17,"column":20}},"6":{"start":{"line":21,"column":13},"end":{"line":28,"column":2}},"7":{"start":{"line":24,"column":21},"end":{"line":24,"column":null}},"8":{"start":{"line":24,"column":10},"end":{"line":24,"column":null}},"9":{"start":{"line":26,"column":4},"end":{"line":26,"column":20}},"10":{"start":{"line":30,"column":13},"end":{"line":34,"column":3}},"11":{"start":{"line":31,"column":19},"end":{"line":31,"column":null}},"12":{"start":{"line":31,"column":8},"end":{"line":31,"column":null}},"13":{"start":{"line":33,"column":2},"end":{"line":33,"column":18}},"14":{"start":{"line":36,"column":13},"end":{"line":43,"column":2}},"15":{"start":{"line":39,"column":21},"end":{"line":39,"column":null}},"16":{"start":{"line":39,"column":10},"end":{"line":39,"column":null}},"17":{"start":{"line":41,"column":4},"end":{"line":41,"column":20}},"18":{"start":{"line":45,"column":13},"end":{"line":52,"column":2}},"19":{"start":{"line":48,"column":21},"end":{"line":48,"column":null}},"20":{"start":{"line":48,"column":10},"end":{"line":48,"column":null}},"21":{"start":{"line":50,"column":4},"end":{"line":50,"column":20}}},"fnMap":{"0":{"name":"(anonymous_13)","decl":{"start":{"line":14,"column":2},"end":{"line":14,"column":18}},"loc":{"start":{"line":14,"column":37},"end":{"line":18,"column":null}}},"1":{"name":"(anonymous_16)","decl":{"start":{"line":23,"column":2},"end":{"line":23,"column":18}},"loc":{"start":{"line":23,"column":34},"end":{"line":27,"column":null}}},"2":{"name":"(anonymous_19)","decl":{"start":{"line":30,"column":60},"end":{"line":30,"column":null}},"loc":{"start":{"line":30,"column":60},"end":{"line":34,"column":2}}},"3":{"name":"(anonymous_22)","decl":{"start":{"line":38,"column":2},"end":{"line":38,"column":18}},"loc":{"start":{"line":38,"column":46},"end":{"line":42,"column":null}}},"4":{"name":"(anonymous_25)","decl":{"start":{"line":47,"column":2},"end":{"line":47,"column":null}},"loc":{"start":{"line":47,"column":2},"end":{"line":51,"column":null}}}},"branchMap":{"0":{"loc":{"start":{"line":15,"column":21},"end":{"line":15,"column":null}},"type":"switch","locations":[{"start":{"line":15,"column":21},"end":{"line":15,"column":null}}]},"1":{"loc":{"start":{"line":24,"column":21},"end":{"line":24,"column":null}},"type":"switch","locations":[{"start":{"line":24,"column":21},"end":{"line":24,"column":null}}]},"2":{"loc":{"start":{"line":31,"column":19},"end":{"line":31,"column":null}},"type":"switch","locations":[{"start":{"line":31,"column":19},"end":{"line":31,"column":null}}]},"3":{"loc":{"start":{"line":39,"column":21},"end":{"line":39,"column":null}},"type":"switch","locations":[{"start":{"line":39,"column":21},"end":{"line":39,"column":null}}]},"4":{"loc":{"start":{"line":48,"column":21},"end":{"line":48,"column":null}},"type":"switch","locations":[{"start":{"line":48,"column":21},"end":{"line":48,"column":null}}]}},"s":{"0":2,"1":2,"2":2,"3":0,"4":0,"5":0,"6":2,"7":0,"8":0,"9":0,"10":2,"11":0,"12":0,"13":0,"14":2,"15":0,"16":0,"17":0,"18":2,"19":0,"20":0,"21":0},"f":{"0":0,"1":0,"2":0,"3":0,"4":0},"b":{"0":[0],"1":[0],"2":[0],"3":[0],"4":[0]}}
,"C:\\Users\\User\\Downloads\\temp\\stellar-burgers\\src\\services\\store\\actions\\feed-actions.ts": {"path":"C:\\Users\\User\\Downloads\\temp\\stellar-burgers\\src\\services\\store\\actions\\feed-actions.ts","statementMap":{"0":{"start":{"line":1,"column":0},"end":{"line":1,"column":56}},"1":{"start":{"line":2,"column":0},"end":{"line":2,"column":52}},"2":{"start":{"line":4,"column":13},"end":{"line":11,"column":2}},"3":{"start":{"line":7,"column":21},"end":{"line":7,"column":null}},"4":{"start":{"line":7,"column":10},"end":{"line":7,"column":null}},"5":{"start":{"line":9,"column":4},"end":{"line":9,"column":20}}},"fnMap":{"0":{"name":"(anonymous_13)","decl":{"start":{"line":6,"column":2},"end":{"line":6,"column":null}},"loc":{"start":{"line":6,"column":2},"end":{"line":10,"column":null}}}},"branchMap":{"0":{"loc":{"start":{"line":7,"column":21},"end":{"line":7,"column":null}},"type":"switch","locations":[{"start":{"line":7,"column":21},"end":{"line":7,"column":null}}]}},"s":{"0":2,"1":2,"2":2,"3":0,"4":0,"5":0},"f":{"0":0},"b":{"0":[0]}}
,"C:\\Users\\User\\Downloads\\temp\\stellar-burgers\\src\\services\\store\\actions\\ingredients-actions.ts": {"path":"C:\\Users\\User\\Downloads\\temp\\stellar-burgers\\src\\services\\store\\actions\\ingredients-actions.ts","statementMap":{"0":{"start":{"line":1,"column":0},"end":{"line":1,"column":62}},"1":{"start":{"line":2,"column":0},"end":{"line":2,"column":52}},"2":{"start":{"line":4,"column":13},"end":{"line":11,"column":2}},"3":{"start":{"line":7,"column":21},"end":{"line":7,"column":null}},"4":{"start":{"line":7,"column":10},"end":{"line":7,"column":null}},"5":{"start":{"line":9,"column":4},"end":{"line":9,"column":20}}},"fnMap":{"0":{"name":"(anonymous_13)","decl":{"start":{"line":6,"column":2},"end":{"line":6,"column":null}},"loc":{"start":{"line":6,"column":2},"end":{"line":10,"column":null}}}},"branchMap":{"0":{"loc":{"start":{"line":7,"column":21},"end":{"line":7,"column":null}},"type":"switch","locations":[{"start":{"line":7,"column":21},"end":{"line":7,"column":null}}]}},"s":{"0":2,"1":2,"2":2,"3":0,"4":0,"5":0},"f":{"0":0},"b":{"0":[0]}}
,"C:\\Users\\User\\Downloads\\temp\\stellar-burgers\\src\\services\\store\\actions\\order-actions.ts": {"path":"C:\\Users\\User\\Downloads\\temp\\stellar-burgers\\src\\services\\store\\actions\\order-actions.ts","statementMap":{"0":{"start":{"line":1,"column":0},"end":{"line":1,"column":80}},"1":{"start":{"line":2,"column":0},"end":{"line":2,"column":52}},"2":{"start":{"line":4,"column":13},"end":{"line":11,"column":2}},"3":{"start":{"line":7,"column":21},"end":{"line":7,"column":null}},"4":{"start":{"line":7,"column":10},"end":{"line":7,"column":null}},"5":{"start":{"line":9,"column":4},"end":{"line":9,"column":20}}},"fnMap":{"0":{"name":"(anonymous_13)","decl":{"start":{"line":6,"column":2},"end":{"line":6,"column":18}},"loc":{"start":{"line":6,"column":32},"end":{"line":10,"column":null}}}},"branchMap":{"0":{"loc":{"start":{"line":7,"column":21},"end":{"line":7,"column":null}},"type":"switch","locations":[{"start":{"line":7,"column":21},"end":{"line":7,"column":null}}]}},"s":{"0":2,"1":2,"2":2,"3":0,"4":0,"5":0},"f":{"0":0},"b":{"0":[0]}}
,"C:\\Users\\User\\Downloads\\temp\\stellar-burgers\\src\\services\\store\\actions\\orders-actions.ts": {"path":"C:\\Users\\User\\Downloads\\temp\\stellar-burgers\\src\\services\\store\\actions\\orders-actions.ts","statementMap":{"0":{"start":{"line":1,"column":0},"end":{"line":1,"column":57}},"1":{"start":{"line":2,"column":0},"end":{"line":2,"column":52}},"2":{"start":{"line":4,"column":13},"end":{"line":11,"column":2}},"3":{"start":{"line":7,"column":21},"end":{"line":7,"column":null}},"4":{"start":{"line":7,"column":10},"end":{"line":7,"column":null}},"5":{"start":{"line":9,"column":4},"end":{"line":9,"column":20}}},"fnMap":{"0":{"name":"(anonymous_13)","decl":{"start":{"line":6,"column":2},"end":{"line":6,"column":null}},"loc":{"start":{"line":6,"column":2},"end":{"line":10,"column":null}}}},"branchMap":{"0":{"loc":{"start":{"line":7,"column":21},"end":{"line":7,"column":null}},"type":"switch","locations":[{"start":{"line":7,"column":21},"end":{"line":7,"column":null}}]}},"s":{"0":2,"1":2,"2":2,"3":0,"4":0,"5":0},"f":{"0":0},"b":{"0":[0]}}
,"C:\\Users\\User\\Downloads\\temp\\stellar-burgers\\src\\services\\store\\slices\\auth-slice.ts": {"path":"C:\\Users\\User\\Downloads\\temp\\stellar-burgers\\src\\services\\store\\slices\\auth-slice.ts","statementMap":{"0":{"start":{"line":2,"column":0},"end":{"line":2,"column":62}},"1":{"start":{"line":3,"column":0},"end":{"line":3,"column":null}},"2":{"start":{"line":11,"column":0},"end":{"line":11,"column":64}},"3":{"start":{"line":20,"column":13},"end":{"line":25,"column":2}},"4":{"start":{"line":27,"column":18},"end":{"line":87,"column":2}},"5":{"start":{"line":32,"column":6},"end":{"line":32,"column":45}},"6":{"start":{"line":35,"column":6},"end":{"line":35,"column":34}},"7":{"start":{"line":38,"column":6},"end":{"line":38,"column":44}},"8":{"start":{"line":41,"column":6},"end":{"line":41,"column":42}},"9":{"start":{"line":45,"column":4},"end":{"line":53,"column":6}},"10":{"start":{"line":48,"column":8},"end":{"line":48,"column":41}},"11":{"start":{"line":49,"column":8},"end":{"line":49,"column":37}},"12":{"start":{"line":50,"column":8},"end":{"line":50,"column":61}},"13":{"start":{"line":51,"column":8},"end":{"line":51,"column":74}},"14":{"start":{"line":54,"column":4},"end":{"line":62,"column":6}},"15":{"start":{"line":57,"column":8},"end":{"line":57,"column":41}},"16":{"start":{"line":58,"column":8},"end":{"line":58,"column":37}},"17":{"start":{"line":59,"column":8},"end":{"line":59,"column":61}},"18":{"start":{"line":60,"column":8},"end":{"line":60,"column":74}},"19":{"start":{"line":63,"column":4},"end":{"line":69,"column":6}},"20":{"start":{"line":66,"column":8},"end":{"line":66,"column":41}},"21":{"start":{"line":67,"column":8},"end":{"line":67,"column":37}},"22":{"start":{"line":70,"column":4},"end":{"line":73,"column":7}},"23":{"start":{"line":71,"column":6},"end":{"line":71,"column":34}},"24":{"start":{"line":72,"column":6},"end":{"line":72,"column":46}},"25":{"start":{"line":74,"column":4},"end":{"line":79,"column":6}},"26":{"start":{"line":77,"column":8},"end":{"line":77,"column":41}},"27":{"start":{"line":80,"column":4},"end":{"line":85,"column":7}},"28":{"start":{"line":81,"column":6},"end":{"line":81,"column":36}},"29":{"start":{"line":82,"column":6},"end":{"line":82,"column":43}},"30":{"start":{"line":83,"column":6},"end":{"line":83,"column":34}},"31":{"start":{"line":84,"column":6},"end":{"line":84,"column":46}},"32":{"start":{"line":89,"column":15},"end":{"line":89,"column":null}},"33":{"start":{"line":91,"column":0},"end":{"line":91,"column":25}}},"fnMap":{"0":{"name":"(anonymous_0)","decl":{"start":{"line":31,"column":13},"end":{"line":31,"column":14}},"loc":{"start":{"line":31,"column":51},"end":{"line":33,"column":5}}},"1":{"name":"(anonymous_1)","decl":{"start":{"line":34,"column":13},"end":{"line":34,"column":14}},"loc":{"start":{"line":34,"column":49},"end":{"line":36,"column":5}}},"2":{"name":"(anonymous_2)","decl":{"start":{"line":37,"column":21},"end":{"line":37,"column":22}},"loc":{"start":{"line":37,"column":59},"end":{"line":39,"column":5}}},"3":{"name":"(anonymous_3)","decl":{"start":{"line":40,"column":19},"end":{"line":40,"column":20}},"loc":{"start":{"line":40,"column":56},"end":{"line":42,"column":5}}},"4":{"name":"(anonymous_4)","decl":{"start":{"line":44,"column":17},"end":{"line":44,"column":18}},"loc":{"start":{"line":44,"column":25},"end":{"line":86,"column":3}}},"5":{"name":"(anonymous_5)","decl":{"start":{"line":47,"column":6},"end":{"line":47,"column":7}},"loc":{"start":{"line":47,"column":50},"end":{"line":52,"column":7}}},"6":{"name":"(anonymous_6)","decl":{"start":{"line":56,"column":6},"end":{"line":56,"column":7}},"loc":{"start":{"line":56,"column":50},"end":{"line":61,"column":7}}},"7":{"name":"(anonymous_7)","decl":{"start":{"line":65,"column":6},"end":{"line":65,"column":7}},"loc":{"start":{"line":65,"column":50},"end":{"line":68,"column":7}}},"8":{"name":"(anonymous_8)","decl":{"start":{"line":70,"column":40},"end":{"line":70,"column":41}},"loc":{"start":{"line":70,"column":46},"end":{"line":73,"column":5}}},"9":{"name":"(anonymous_9)","decl":{"start":{"line":76,"column":6},"end":{"line":76,"column":7}},"loc":{"start":{"line":76,"column":50},"end":{"line":78,"column":7}}},"10":{"name":"(anonymous_10)","decl":{"start":{"line":80,"column":43},"end":{"line":80,"column":44}},"loc":{"start":{"line":80,"column":49},"end":{"line":85,"column":5}}}},"branchMap":{},"s":{"0":2,"1":2,"2":2,"3":2,"4":2,"5":1,"6":1,"7":1,"8":1,"9":2,"10":1,"11":1,"12":1,"13":1,"14":2,"15":1,"16":1,"17":1,"18":1,"19":2,"20":1,"21":1,"22":2,"23":1,"24":1,"25":2,"26":1,"27":2,"28":1,"29":1,"30":1,"31":1,"32":2,"33":2},"f":{"0":1,"1":1,"2":1,"3":1,"4":2,"5":1,"6":1,"7":1,"8":1,"9":1,"10":1},"b":{}}
,"C:\\Users\\User\\Downloads\\temp\\stellar-burgers\\src\\services\\store\\slices\\feed-slice.ts": {"path":"C:\\Users\\User\\Downloads\\temp\\stellar-burgers\\src\\services\\store\\slices\\feed-slice.ts","statementMap":{"0":{"start":{"line":2,"column":0},"end":{"line":2,"column":62}},"1":{"start":{"line":3,"column":0},"end":{"line":3,"column":52}},"2":{"start":{"line":12,"column":13},"end":{"line":17,"column":2}},"3":{"start":{"line":19,"column":18},"end":{"line":41,"column":2}},"4":{"start":{"line":24,"column":6},"end":{"line":24,"column":43}},"5":{"start":{"line":25,"column":6},"end":{"line":25,"column":41}},"6":{"start":{"line":26,"column":6},"end":{"line":26,"column":51}},"7":{"start":{"line":27,"column":6},"end":{"line":27,"column":53}},"8":{"start":{"line":31,"column":4},"end":{"line":39,"column":6}},"9":{"start":{"line":34,"column":8},"end":{"line":34,"column":45}},"10":{"start":{"line":35,"column":8},"end":{"line":35,"column":43}},"11":{"start":{"line":36,"column":8},"end":{"line":36,"column":53}},"12":{"start":{"line":37,"column":8},"end":{"line":37,"column":55}},"13":{"start":{"line":43,"column":15},"end":{"line":43,"column":45}},"14":{"start":{"line":44,"column":0},"end":{"line":44,"column":25}}},"fnMap":{"0":{"name":"(anonymous_0)","decl":{"start":{"line":23,"column":13},"end":{"line":23,"column":14}},"loc":{"start":{"line":23,"column":49},"end":{"line":28,"column":5}}},"1":{"name":"(anonymous_1)","decl":{"start":{"line":30,"column":17},"end":{"line":30,"column":18}},"loc":{"start":{"line":30,"column":25},"end":{"line":40,"column":3}}},"2":{"name":"(anonymous_2)","decl":{"start":{"line":33,"column":6},"end":{"line":33,"column":7}},"loc":{"start":{"line":33,"column":42},"end":{"line":38,"column":7}}}},"branchMap":{},"s":{"0":2,"1":2,"2":2,"3":2,"4":1,"5":1,"6":1,"7":1,"8":2,"9":1,"10":1,"11":1,"12":1,"13":2,"14":2},"f":{"0":1,"1":2,"2":1},"b":{}}
,"C:\\Users\\User\\Downloads\\temp\\stellar-burgers\\src\\services\\store\\slices\\ingredients-slice.ts": {"path":"C:\\Users\\User\\Downloads\\temp\\stellar-burgers\\src\\services\\store\\slices\\ingredients-slice.ts","statementMap":{"0":{"start":{"line":2,"column":0},"end":{"line":2,"column":70}},"1":{"start":{"line":3,"column":0},"end":{"line":3,"column":66}},"2":{"start":{"line":10,"column":13},"end":{"line":13,"column":2}},"3":{"start":{"line":15,"column":25},"end":{"line":42,"column":2}},"4":{"start":{"line":20,"column":6},"end":{"line":20,"column":41}},"5":{"start":{"line":21,"column":6},"end":{"line":21,"column":30}},"6":{"start":{"line":24,"column":6},"end":{"line":24,"column":29}},"7":{"start":{"line":27,"column":6},"end":{"line":27,"column":29}},"8":{"start":{"line":31,"column":4},"end":{"line":33,"column":7}},"9":{"start":{"line":32,"column":6},"end":{"line":32,"column":29}},"10":{"start":{"line":34,"column":4},"end":{"line":40,"column":6}},"11":{"start":{"line":37,"column":8},"end":{"line":37,"column":32}},"12":{"start":{"line":38,"column":8},"end":{"line":38,"column":43}},"13":{"start":{"line":44,"column":15},"end":{"line":44,"column":null}},"14":{"start":{"line":46,"column":0},"end":{"line":46,"column":32}}},"fnMap":{"0":{"name":"(anonymous_0)","decl":{"start":{"line":19,"column":20},"end":{"line":19,"column":21}},"loc":{"start":{"line":19,"column":64},"end":{"line":22,"column":5}}},"1":{"name":"(anonymous_1)","decl":{"start":{"line":23,"column":28},"end":{"line":23,"column":29}},"loc":{"start":{"line":23,"column":34},"end":{"line":25,"column":5}}},"2":{"name":"(anonymous_2)","decl":{"start":{"line":26,"column":22},"end":{"line":26,"column":23}},"loc":{"start":{"line":26,"column":28},"end":{"line":28,"column":5}}},"3":{"name":"(anonymous_3)","decl":{"start":{"line":30,"column":17},"end":{"line":30,"column":18}},"loc":{"start":{"line":30,"column":25},"end":{"line":41,"column":3}}},"4":{"name":"(anonymous_4)","decl":{"start":{"line":31,"column":46},"end":{"line":31,"column":47}},"loc":{"start":{"line":31,"column":52},"end":{"line":33,"column":5}}},"5":{"name":"(anonymous_5)","decl":{"start":{"line":36,"column":6},"end":{"line":36,"column":7}},"loc":{"start":{"line":36,"column":50},"end":{"line":39,"column":7}}}},"branchMap":{},"s":{"0":2,"1":2,"2":2,"3":2,"4":1,"5":1,"6":1,"7":1,"8":2,"9":1,"10":2,"11":1,"12":1,"13":2,"14":2},"f":{"0":1,"1":1,"2":1,"3":2,"4":1,"5":1},"b":{}}
,"C:\\Users\\User\\Downloads\\temp\\stellar-burgers\\src\\services\\store\\slices\\order-slice.ts": {"path":"C:\\Users\\User\\Downloads\\temp\\stellar-burgers\\src\\services\\store\\slices\\order-slice.ts","statementMap":{"0":{"start":{"line":2,"column":0},"end":{"line":2,"column":62}},"1":{"start":{"line":3,"column":0},"end":{"line":3,"column":52}},"2":{"start":{"line":12,"column":13},"end":{"line":16,"column":2}},"3":{"start":{"line":18,"column":20},"end":{"line":58,"column":2}},"4":{"start":{"line":23,"column":6},"end":{"line":23,"column":65}},"5":{"start":{"line":26,"column":6},"end":{"line":26,"column":29}},"6":{"start":{"line":29,"column":6},"end":{"line":29,"column":41}},"7":{"start":{"line":32,"column":6},"end":{"line":34,"column":8}},"8":{"start":{"line":33,"column":24},"end":{"line":33,"column":null}},"9":{"start":{"line":37,"column":6},"end":{"line":37,"column":42}},"10":{"start":{"line":40,"column":6},"end":{"line":40,"column":44}},"11":{"start":{"line":43,"column":6},"end":{"line":43,"column":34}},"12":{"start":{"line":47,"column":4},"end":{"line":53,"column":6}},"13":{"start":{"line":50,"column":8},"end":{"line":50,"column":52}},"14":{"start":{"line":51,"column":8},"end":{"line":51,"column":35}},"15":{"start":{"line":54,"column":4},"end":{"line":56,"column":7}},"16":{"start":{"line":55,"column":6},"end":{"line":55,"column":32}},"17":{"start":{"line":61,"column":2},"end":{"line":67,"column":null}},"18":{"start":{"line":69,"column":0},"end":{"line":69,"column":27}}},"fnMap":{"0":{"name":"(anonymous_1)","decl":{"start":{"line":22,"column":17},"end":{"line":22,"column":18}},"loc":{"start":{"line":22,"column":70},"end":{"line":24,"column":5}}},"1":{"name":"(anonymous_2)","decl":{"start":{"line":25,"column":20},"end":{"line":25,"column":21}},"loc":{"start":{"line":25,"column":26},"end":{"line":27,"column":5}}},"2":{"name":"(anonymous_3)","decl":{"start":{"line":28,"column":18},"end":{"line":28,"column":19}},"loc":{"start":{"line":28,"column":73},"end":{"line":30,"column":5}}},"3":{"name":"(anonymous_4)","decl":{"start":{"line":31,"column":21},"end":{"line":31,"column":22}},"loc":{"start":{"line":31,"column":58},"end":{"line":35,"column":5}}},"4":{"name":"(anonymous_5)","decl":{"start":{"line":33,"column":8},"end":{"line":33,"column":9}},"loc":{"start":{"line":33,"column":19},"end":{"line":33,"column":34}}},"5":{"name":"(anonymous_6)","decl":{"start":{"line":36,"column":19},"end":{"line":36,"column":20}},"loc":{"start":{"line":36,"column":57},"end":{"line":38,"column":5}}},"6":{"name":"(anonymous_7)","decl":{"start":{"line":39,"column":21},"end":{"line":39,"column":22}},"loc":{"start":{"line":39,"column":58},"end":{"line":41,"column":5}}},"7":{"name":"(anonymous_8)","decl":{"start":{"line":42,"column":23},"end":{"line":42,"column":24}},"loc":{"start":{"line":42,"column":29},"end":{"line":44,"column":5}}},"8":{"name":"(anonymous_9)","decl":{"start":{"line":46,"column":17},"end":{"line":46,"column":18}},"loc":{"start":{"line":46,"column":25},"end":{"line":57,"column":3}}},"9":{"name":"(anonymous_10)","decl":{"start":{"line":49,"column":6},"end":{"line":49,"column":7}},"loc":{"start":{"line":49,"column":54},"end":{"line":52,"column":7}}},"10":{"name":"(anonymous_11)","decl":{"start":{"line":54,"column":38},"end":{"line":54,"column":39}},"loc":{"start":{"line":54,"column":44},"end":{"line":56,"column":5}}}},"branchMap":{},"s":{"0":2,"1":2,"2":2,"3":2,"4":1,"5":1,"6":1,"7":1,"8":2,"9":1,"10":1,"11":1,"12":2,"13":1,"14":1,"15":2,"16":1,"17":2,"18":2},"f":{"0":1,"1":1,"2":1,"3":1,"4":2,"5":1,"6":1,"7":1,"8":2,"9":1,"10":1},"b":{}}
,"C:\\Users\\User\\Downloads\\temp\\stellar-burgers\\src\\services\\store\\slices\\orders-slice.ts": {"path":"C:\\Users\\User\\Downloads\\temp\\stellar-burgers\\src\\services\\store\\slices\\orders-slice.ts","statementMap":{"0":{"start":{"line":1,"column":0},"end":{"line":1,"column":62}},"1":{"start":{"line":3,"column":0},"end":{"line":3,"column":56}},"2":{"start":{"line":10,"column":13},"end":{"line":13,"column":2}},"3":{"start":{"line":15,"column":27},"end":{"line":42,"column":2}},"4":{"start":{"line":20,"column":6},"end":{"line":20,"column":36}},"5":{"start":{"line":21,"column":6},"end":{"line":21,"column":30}},"6":{"start":{"line":24,"column":6},"end":{"line":24,"column":24}},"7":{"start":{"line":27,"column":6},"end":{"line":27,"column":29}},"8":{"start":{"line":31,"column":4},"end":{"line":33,"column":7}},"9":{"start":{"line":32,"column":6},"end":{"line":32,"column":29}},"10":{"start":{"line":34,"column":4},"end":{"line":40,"column":6}},"11":{"start":{"line":37,"column":8},"end":{"line":37,"column":38}},"12":{"start":{"line":38,"column":8},"end":{"line":38,"column":32}},"13":{"start":{"line":44,"column":15},"end":{"line":44,"column":null}},"14":{"start":{"line":47,"column":0},"end":{"line":47,"column":34}}},"fnMap":{"0":{"name":"(anonymous_0)","decl":{"start":{"line":19,"column":20},"end":{"line":19,"column":21}},"loc":{"start":{"line":19,"column":59},"end":{"line":22,"column":5}}},"1":{"name":"(anonymous_1)","decl":{"start":{"line":23,"column":22},"end":{"line":23,"column":23}},"loc":{"start":{"line":23,"column":28},"end":{"line":25,"column":5}}},"2":{"name":"(anonymous_2)","decl":{"start":{"line":26,"column":25},"end":{"line":26,"column":26}},"loc":{"start":{"line":26,"column":31},"end":{"line":28,"column":5}}},"3":{"name":"(anonymous_3)","decl":{"start":{"line":30,"column":17},"end":{"line":30,"column":18}},"loc":{"start":{"line":30,"column":25},"end":{"line":41,"column":3}}},"4":{"name":"(anonymous_4)","decl":{"start":{"line":31,"column":41},"end":{"line":31,"column":42}},"loc":{"start":{"line":31,"column":47},"end":{"line":33,"column":5}}},"5":{"name":"(anonymous_5)","decl":{"start":{"line":36,"column":6},"end":{"line":36,"column":7}},"loc":{"start":{"line":36,"column":45},"end":{"line":39,"column":7}}}},"branchMap":{},"s":{"0":2,"1":2,"2":2,"3":2,"4":1,"5":1,"6":1,"7":1,"8":2,"9":1,"10":2,"11":1,"12":1,"13":2,"14":2},"f":{"0":1,"1":1,"2":1,"3":2,"4":1,"5":1},"b":{}}
,"C:\\Users\\User\\Downloads\\temp\\stellar-burgers\\src\\utils\\burger-api.ts": {"path":"C:\\Users\\User\\Downloads\\temp\\stellar-burgers\\src\\utils\\burger-api.ts","statementMap":{"0":{"start":{"line":1,"column":0},"end":{"line":1,"column":48}},"1":{"start":{"line":4,"column":12},"end":{"line":4,"column":38}},"2":{"start":{"line":6,"column":22},"end":{"line":7,"column":5}},"3":{"start":{"line":7,"column":2},"end":{"line":7,"column":70}},"4":{"start":{"line":7,"column":49},"end":{"line":7,"column":69}},"5":{"start":{"line":18,"column":28},"end":{"line":19,"column":7}},"6":{"start":{"line":19,"column":2},"end":{"line":36,"column":7}},"7":{"start":{"line":28,"column":19},"end":{"line":28,"column":56}},"8":{"start":{"line":30,"column":6},"end":{"line":32,"column":7}},"9":{"start":{"line":31,"column":8},"end":{"line":31,"column":43}},"10":{"start":{"line":33,"column":6},"end":{"line":33,"column":69}},"11":{"start":{"line":34,"column":6},"end":{"line":34,"column":56}},"12":{"start":{"line":35,"column":6},"end":{"line":35,"column":25}},"13":{"start":{"line":18,"column":13},"end":{"line":18,"column":28}},"14":{"start":{"line":38,"column":32},"end":{"line":58,"column":2}},"15":{"start":{"line":40,"column":22},"end":{"line":58,"column":2}},"16":{"start":{"line":43,"column":16},"end":{"line":43,"column":null}},"17":{"start":{"line":43,"column":10},"end":{"line":43,"column":null}},"18":{"start":{"line":44,"column":11},"end":{"line":44,"column":39}},"19":{"start":{"line":44,"column":4},"end":{"line":44,"column":39}},"20":{"start":{"line":46,"column":8},"end":{"line":46,"column":9}},"21":{"start":{"line":47,"column":26},"end":{"line":47,"column":null}},"22":{"start":{"line":47,"column":12},"end":{"line":47,"column":null}},"23":{"start":{"line":48,"column":6},"end":{"line":51,"column":7}},"24":{"start":{"line":49,"column":9},"end":{"line":50,"column":34}},"25":{"start":{"line":52,"column":18},"end":{"line":52,"column":null}},"26":{"start":{"line":52,"column":12},"end":{"line":52,"column":null}},"27":{"start":{"line":53,"column":13},"end":{"line":53,"column":41}},"28":{"start":{"line":53,"column":6},"end":{"line":53,"column":41}},"29":{"start":{"line":55,"column":6},"end":{"line":55,"column":33}},"30":{"start":{"line":38,"column":13},"end":{"line":38,"column":32}},"31":{"start":{"line":74,"column":33},"end":{"line":75,"column":7}},"32":{"start":{"line":75,"column":2},"end":{"line":80,"column":7}},"33":{"start":{"line":76,"column":19},"end":{"line":76,"column":60}},"34":{"start":{"line":78,"column":6},"end":{"line":78,"column":42}},"35":{"start":{"line":78,"column":25},"end":{"line":78,"column":42}},"36":{"start":{"line":79,"column":6},"end":{"line":79,"column":34}},"37":{"start":{"line":74,"column":13},"end":{"line":74,"column":33}},"38":{"start":{"line":82,"column":27},"end":{"line":83,"column":7}},"39":{"start":{"line":83,"column":2},"end":{"line":88,"column":7}},"40":{"start":{"line":84,"column":19},"end":{"line":84,"column":54}},"41":{"start":{"line":86,"column":6},"end":{"line":86,"column":37}},"42":{"start":{"line":86,"column":25},"end":{"line":86,"column":37}},"43":{"start":{"line":87,"column":6},"end":{"line":87,"column":34}},"44":{"start":{"line":82,"column":13},"end":{"line":82,"column":27}},"45":{"start":{"line":90,"column":28},"end":{"line":91,"column":18}},"46":{"start":{"line":91,"column":2},"end":{"line":100,"column":5}},"47":{"start":{"line":98,"column":4},"end":{"line":98,"column":42}},"48":{"start":{"line":98,"column":23},"end":{"line":98,"column":42}},"49":{"start":{"line":99,"column":4},"end":{"line":99,"column":32}},"50":{"start":{"line":90,"column":13},"end":{"line":90,"column":28}},"51":{"start":{"line":107,"column":30},"end":{"line":108,"column":18}},"52":{"start":{"line":108,"column":2},"end":{"line":120,"column":5}},"53":{"start":{"line":118,"column":4},"end":{"line":118,"column":35}},"54":{"start":{"line":118,"column":23},"end":{"line":118,"column":35}},"55":{"start":{"line":119,"column":4},"end":{"line":119,"column":32}},"56":{"start":{"line":107,"column":13},"end":{"line":107,"column":30}},"57":{"start":{"line":126,"column":35},"end":{"line":127,"column":7}},"58":{"start":{"line":127,"column":2},"end":{"line":132,"column":55}},"59":{"start":{"line":132,"column":19},"end":{"line":132,"column":54}},"60":{"start":{"line":126,"column":13},"end":{"line":126,"column":35}},"61":{"start":{"line":146,"column":31},"end":{"line":147,"column":7}},"62":{"start":{"line":147,"column":2},"end":{"line":158,"column":7}},"63":{"start":{"line":154,"column":19},"end":{"line":154,"column":53}},"64":{"start":{"line":156,"column":6},"end":{"line":156,"column":37}},"65":{"start":{"line":156,"column":25},"end":{"line":156,"column":37}},"66":{"start":{"line":157,"column":6},"end":{"line":157,"column":34}},"67":{"start":{"line":146,"column":13},"end":{"line":146,"column":31}},"68":{"start":{"line":165,"column":28},"end":{"line":166,"column":7}},"69":{"start":{"line":166,"column":2},"end":{"line":177,"column":7}},"70":{"start":{"line":173,"column":19},"end":{"line":173,"column":53}},"71":{"start":{"line":175,"column":6},"end":{"line":175,"column":37}},"72":{"start":{"line":175,"column":25},"end":{"line":175,"column":37}},"73":{"start":{"line":176,"column":6},"end":{"line":176,"column":34}},"74":{"start":{"line":165,"column":13},"end":{"line":165,"column":28}},"75":{"start":{"line":179,"column":33},"end":{"line":180,"column":7}},"76":{"start":{"line":180,"column":2},"end":{"line":191,"column":7}},"77":{"start":{"line":187,"column":19},"end":{"line":187,"column":59}},"78":{"start":{"line":189,"column":6},"end":{"line":189,"column":37}},"79":{"start":{"line":189,"column":25},"end":{"line":189,"column":37}},"80":{"start":{"line":190,"column":6},"end":{"line":190,"column":34}},"81":{"start":{"line":179,"column":13},"end":{"line":179,"column":33}},"82":{"start":{"line":193,"column":32},"end":{"line":194,"column":7}},"83":{"start":{"line":194,"column":2},"end":{"line":205,"column":7}},"84":{"start":{"line":201,"column":19},"end":{"line":201,"column":59}},"85":{"start":{"line":203,"column":6},"end":{"line":203,"column":37}},"86":{"start":{"line":203,"column":25},"end":{"line":203,"column":37}},"87":{"start":{"line":204,"column":6},"end":{"line":204,"column":34}},"88":{"start":{"line":193,"column":13},"end":{"line":193,"column":32}},"89":{"start":{"line":209,"column":26},"end":{"line":210,"column":18}},"90":{"start":{"line":210,"column":2},"end":{"line":214,"column":5}},"91":{"start":{"line":209,"column":13},"end":{"line":209,"column":26}},"92":{"start":{"line":216,"column":29},"end":{"line":217,"column":18}},"93":{"start":{"line":217,"column":2},"end":{"line":224,"column":5}},"94":{"start":{"line":216,"column":13},"end":{"line":216,"column":29}},"95":{"start":{"line":226,"column":25},"end":{"line":227,"column":7}},"96":{"start":{"line":227,"column":2},"end":{"line":235,"column":60}},"97":{"start":{"line":235,"column":19},"end":{"line":235,"column":59}},"98":{"start":{"line":226,"column":13},"end":{"line":226,"column":25}}},"fnMap":{"0":{"name":"(anonymous_13)","decl":{"start":{"line":6,"column":22},"end":{"line":6,"column":26}},"loc":{"start":{"line":6,"column":39},"end":{"line":7,"column":5}}},"1":{"name":"(anonymous_14)","decl":{"start":{"line":7,"column":40},"end":{"line":7,"column":41}},"loc":{"start":{"line":7,"column":44},"end":{"line":7,"column":56}}},"2":{"name":"(anonymous_15)","decl":{"start":{"line":18,"column":28},"end":{"line":18,"column":null}},"loc":{"start":{"line":18,"column":28},"end":{"line":19,"column":7}}},"3":{"name":"(anonymous_16)","decl":{"start":{"line":28,"column":10},"end":{"line":28,"column":11}},"loc":{"start":{"line":28,"column":14},"end":{"line":28,"column":32}}},"4":{"name":"(anonymous_17)","decl":{"start":{"line":29,"column":10},"end":{"line":29,"column":11}},"loc":{"start":{"line":29,"column":22},"end":{"line":36,"column":5}}},"5":{"name":"(anonymous_18)","decl":{"start":{"line":38,"column":32},"end":{"line":38,"column":null}},"loc":{"start":{"line":40,"column":22},"end":{"line":58,"column":2}}},"6":{"name":"(anonymous_19)","decl":{"start":{"line":40,"column":22},"end":{"line":40,"column":null}},"loc":{"start":{"line":40,"column":22},"end":{"line":58,"column":2}}},"7":{"name":"(anonymous_21)","decl":{"start":{"line":74,"column":33},"end":{"line":74,"column":null}},"loc":{"start":{"line":74,"column":33},"end":{"line":75,"column":7}}},"8":{"name":"(anonymous_22)","decl":{"start":{"line":76,"column":10},"end":{"line":76,"column":11}},"loc":{"start":{"line":76,"column":14},"end":{"line":76,"column":32}}},"9":{"name":"(anonymous_23)","decl":{"start":{"line":77,"column":10},"end":{"line":77,"column":11}},"loc":{"start":{"line":77,"column":15},"end":{"line":80,"column":5}}},"10":{"name":"(anonymous_24)","decl":{"start":{"line":82,"column":27},"end":{"line":82,"column":null}},"loc":{"start":{"line":82,"column":27},"end":{"line":83,"column":7}}},"11":{"name":"(anonymous_25)","decl":{"start":{"line":84,"column":10},"end":{"line":84,"column":11}},"loc":{"start":{"line":84,"column":14},"end":{"line":84,"column":32}}},"12":{"name":"(anonymous_26)","decl":{"start":{"line":85,"column":10},"end":{"line":85,"column":11}},"loc":{"start":{"line":85,"column":15},"end":{"line":88,"column":5}}},"13":{"name":"(anonymous_27)","decl":{"start":{"line":90,"column":28},"end":{"line":90,"column":null}},"loc":{"start":{"line":90,"column":28},"end":{"line":91,"column":18}}},"14":{"name":"(anonymous_28)","decl":{"start":{"line":97,"column":10},"end":{"line":97,"column":11}},"loc":{"start":{"line":97,"column":15},"end":{"line":100,"column":3}}},"15":{"name":"(anonymous_29)","decl":{"start":{"line":107,"column":30},"end":{"line":107,"column":31}},"loc":{"start":{"line":107,"column":45},"end":{"line":108,"column":18}}},"16":{"name":"(anonymous_30)","decl":{"start":{"line":117,"column":10},"end":{"line":117,"column":11}},"loc":{"start":{"line":117,"column":15},"end":{"line":120,"column":3}}},"17":{"name":"(anonymous_31)","decl":{"start":{"line":126,"column":35},"end":{"line":126,"column":36}},"loc":{"start":{"line":126,"column":50},"end":{"line":127,"column":7}}},"18":{"name":"(anonymous_32)","decl":{"start":{"line":132,"column":10},"end":{"line":132,"column":11}},"loc":{"start":{"line":132,"column":14},"end":{"line":132,"column":32}}},"19":{"name":"(anonymous_33)","decl":{"start":{"line":146,"column":31},"end":{"line":146,"column":32}},"loc":{"start":{"line":146,"column":51},"end":{"line":147,"column":7}}},"20":{"name":"(anonymous_34)","decl":{"start":{"line":154,"column":10},"end":{"line":154,"column":11}},"loc":{"start":{"line":154,"column":14},"end":{"line":154,"column":32}}},"21":{"name":"(anonymous_35)","decl":{"start":{"line":155,"column":10},"end":{"line":155,"column":11}},"loc":{"start":{"line":155,"column":15},"end":{"line":158,"column":5}}},"22":{"name":"(anonymous_36)","decl":{"start":{"line":165,"column":28},"end":{"line":165,"column":29}},"loc":{"start":{"line":165,"column":45},"end":{"line":166,"column":7}}},"23":{"name":"(anonymous_37)","decl":{"start":{"line":173,"column":10},"end":{"line":173,"column":11}},"loc":{"start":{"line":173,"column":14},"end":{"line":173,"column":32}}},"24":{"name":"(anonymous_38)","decl":{"start":{"line":174,"column":10},"end":{"line":174,"column":11}},"loc":{"start":{"line":174,"column":15},"end":{"line":177,"column":5}}},"25":{"name":"(anonymous_39)","decl":{"start":{"line":179,"column":33},"end":{"line":179,"column":34}},"loc":{"start":{"line":179,"column":57},"end":{"line":180,"column":7}}},"26":{"name":"(anonymous_40)","decl":{"start":{"line":187,"column":10},"end":{"line":187,"column":11}},"loc":{"start":{"line":187,"column":14},"end":{"line":187,"column":32}}},"27":{"name":"(anonymous_41)","decl":{"start":{"line":188,"column":10},"end":{"line":188,"column":11}},"loc":{"start":{"line":188,"column":15},"end":{"line":191,"column":5}}},"28":{"name":"(anonymous_42)","decl":{"start":{"line":193,"column":32},"end":{"line":193,"column":33}},"loc":{"start":{"line":193,"column":74},"end":{"line":194,"column":7}}},"29":{"name":"(anonymous_43)","decl":{"start":{"line":201,"column":10},"end":{"line":201,"column":11}},"loc":{"start":{"line":201,"column":14},"end":{"line":201,"column":32}}},"30":{"name":"(anonymous_44)","decl":{"start":{"line":202,"column":10},"end":{"line":202,"column":11}},"loc":{"start":{"line":202,"column":15},"end":{"line":205,"column":5}}},"31":{"name":"(anonymous_45)","decl":{"start":{"line":209,"column":26},"end":{"line":209,"column":null}},"loc":{"start":{"line":209,"column":26},"end":{"line":210,"column":18}}},"32":{"name":"(anonymous_46)","decl":{"start":{"line":216,"column":29},"end":{"line":216,"column":30}},"loc":{"start":{"line":216,"column":58},"end":{"line":217,"column":18}}},"33":{"name":"(anonymous_47)","decl":{"start":{"line":226,"column":25},"end":{"line":226,"column":null}},"loc":{"start":{"line":226,"column":25},"end":{"line":227,"column":7}}},"34":{"name":"(anonymous_48)","decl":{"start":{"line":235,"column":10},"end":{"line":235,"column":11}},"loc":{"start":{"line":235,"column":14},"end":{"line":235,"column":32}}}},"branchMap":{"0":{"loc":{"start":{"line":7,"column":2},"end":{"line":7,"column":69}},"type":"cond-expr","locations":[{"start":{"line":7,"column":11},"end":{"line":7,"column":21}},{"start":{"line":7,"column":24},"end":{"line":7,"column":69}}]},"1":{"loc":{"start":{"line":30,"column":6},"end":{"line":32,"column":7}},"type":"if","locations":[{"start":{"line":30,"column":6},"end":{"line":32,"column":7}}]},"2":{"loc":{"start":{"line":44,"column":4},"end":{"line":44,"column":39}},"type":"switch","locations":[{"start":{"line":44,"column":4},"end":{"line":44,"column":39}},{"start":{"line":53,"column":6},"end":{"line":53,"column":41}},{"start":{"line":55,"column":6},"end":{"line":55,"column":33}}]},"3":{"loc":{"start":{"line":46,"column":8},"end":{"line":46,"column":9}},"type":"if","locations":[{"start":{"line":46,"column":8},"end":{"line":46,"column":9}}]},"4":{"loc":{"start":{"line":48,"column":6},"end":{"line":51,"column":7}},"type":"if","locations":[{"start":{"line":48,"column":6},"end":{"line":51,"column":7}}]},"5":{"loc":{"start":{"line":78,"column":6},"end":{"line":78,"column":42}},"type":"if","locations":[{"start":{"line":78,"column":6},"end":{"line":78,"column":42}}]},"6":{"loc":{"start":{"line":78,"column":10},"end":{"line":78,"column":23}},"type":"cond-expr","locations":[{"start":{"line":78,"column":14},"end":{"line":78,"column":16}},{"start":{"line":78,"column":10},"end":{"line":78,"column":23}}]},"7":{"loc":{"start":{"line":78,"column":10},"end":{"line":78,"column":16}},"type":"binary-expr","locations":[{"start":{"line":78,"column":10},"end":{"line":78,"column":16}},{"start":{"line":78,"column":10},"end":{"line":78,"column":16}}]},"8":{"loc":{"start":{"line":86,"column":6},"end":{"line":86,"column":37}},"type":"if","locations":[{"start":{"line":86,"column":6},"end":{"line":86,"column":37}}]},"9":{"loc":{"start":{"line":86,"column":10},"end":{"line":86,"column":23}},"type":"cond-expr","locations":[{"start":{"line":86,"column":14},"end":{"line":86,"column":16}},{"start":{"line":86,"column":10},"end":{"line":86,"column":23}}]},"10":{"loc":{"start":{"line":86,"column":10},"end":{"line":86,"column":16}},"type":"binary-expr","locations":[{"start":{"line":86,"column":10},"end":{"line":86,"column":16}},{"start":{"line":86,"column":10},"end":{"line":86,"column":16}}]},"11":{"loc":{"start":{"line":98,"column":4},"end":{"line":98,"column":42}},"type":"if","locations":[{"start":{"line":98,"column":4},"end":{"line":98,"column":42}}]},"12":{"loc":{"start":{"line":98,"column":8},"end":{"line":98,"column":21}},"type":"cond-expr","locations":[{"start":{"line":98,"column":12},"end":{"line":98,"column":14}},{"start":{"line":98,"column":8},"end":{"line":98,"column":21}}]},"13":{"loc":{"start":{"line":98,"column":8},"end":{"line":98,"column":14}},"type":"binary-expr","locations":[{"start":{"line":98,"column":8},"end":{"line":98,"column":14}},{"start":{"line":98,"column":8},"end":{"line":98,"column":14}}]},"14":{"loc":{"start":{"line":118,"column":4},"end":{"line":118,"column":35}},"type":"if","locations":[{"start":{"line":118,"column":4},"end":{"line":118,"column":35}}]},"15":{"loc":{"start":{"line":118,"column":8},"end":{"line":118,"column":21}},"type":"cond-expr","locations":[{"start":{"line":118,"column":12},"end":{"line":118,"column":14}},{"start":{"line":118,"column":8},"end":{"line":118,"column":21}}]},"16":{"loc":{"start":{"line":118,"column":8},"end":{"line":118,"column":14}},"type":"binary-expr","locations":[{"start":{"line":118,"column":8},"end":{"line":118,"column":14}},{"start":{"line":118,"column":8},"end":{"line":118,"column":14}}]},"17":{"loc":{"start":{"line":156,"column":6},"end":{"line":156,"column":37}},"type":"if","locations":[{"start":{"line":156,"column":6},"end":{"line":156,"column":37}}]},"18":{"loc":{"start":{"line":156,"column":10},"end":{"line":156,"column":23}},"type":"cond-expr","locations":[{"start":{"line":156,"column":14},"end":{"line":156,"column":16}},{"start":{"line":156,"column":10},"end":{"line":156,"column":23}}]},"19":{"loc":{"start":{"line":156,"column":10},"end":{"line":156,"column":16}},"type":"binary-expr","locations":[{"start":{"line":156,"column":10},"end":{"line":156,"column":16}},{"start":{"line":156,"column":10},"end":{"line":156,"column":16}}]},"20":{"loc":{"start":{"line":175,"column":6},"end":{"line":175,"column":37}},"type":"if","locations":[{"start":{"line":175,"column":6},"end":{"line":175,"column":37}}]},"21":{"loc":{"start":{"line":175,"column":10},"end":{"line":175,"column":23}},"type":"cond-expr","locations":[{"start":{"line":175,"column":14},"end":{"line":175,"column":16}},{"start":{"line":175,"column":10},"end":{"line":175,"column":23}}]},"22":{"loc":{"start":{"line":175,"column":10},"end":{"line":175,"column":16}},"type":"binary-expr","locations":[{"start":{"line":175,"column":10},"end":{"line":175,"column":16}},{"start":{"line":175,"column":10},"end":{"line":175,"column":16}}]},"23":{"loc":{"start":{"line":189,"column":6},"end":{"line":189,"column":37}},"type":"if","locations":[{"start":{"line":189,"column":6},"end":{"line":189,"column":37}}]},"24":{"loc":{"start":{"line":189,"column":10},"end":{"line":189,"column":23}},"type":"cond-expr","locations":[{"start":{"line":189,"column":14},"end":{"line":189,"column":16}},{"start":{"line":189,"column":10},"end":{"line":189,"column":23}}]},"25":{"loc":{"start":{"line":189,"column":10},"end":{"line":189,"column":16}},"type":"binary-expr","locations":[{"start":{"line":189,"column":10},"end":{"line":189,"column":16}},{"start":{"line":189,"column":10},"end":{"line":189,"column":16}}]},"26":{"loc":{"start":{"line":203,"column":6},"end":{"line":203,"column":37}},"type":"if","locations":[{"start":{"line":203,"column":6},"end":{"line":203,"column":37}}]},"27":{"loc":{"start":{"line":203,"column":10},"end":{"line":203,"column":23}},"type":"cond-expr","locations":[{"start":{"line":203,"column":14},"end":{"line":203,"column":16}},{"start":{"line":203,"column":10},"end":{"line":203,"column":23}}]},"28":{"loc":{"start":{"line":203,"column":10},"end":{"line":203,"column":16}},"type":"binary-expr","locations":[{"start":{"line":203,"column":10},"end":{"line":203,"column":16}},{"start":{"line":203,"column":10},"end":{"line":203,"column":16}}]}},"s":{"0":6,"1":6,"2":6,"3":0,"4":0,"5":6,"6":0,"7":0,"8":0,"9":0,"10":0,"11":0,"12":0,"13":6,"14":6,"15":0,"16":0,"17":0,"18":0,"19":0,"20":0,"21":0,"22":0,"23":0,"24":0,"25":0,"26":0,"27":0,"28":0,"29":0,"30":6,"31":6,"32":0,"33":0,"34":0,"35":0,"36":0,"37":6,"38":6,"39":0,"40":0,"41":0,"42":0,"43":0,"44":6,"45":6,"46":0,"47":0,"48":0,"49":0,"50":6,"51":6,"52":0,"53":0,"54":0,"55":0,"56":6,"57":6,"58":0,"59":0,"60":6,"61":6,"62":0,"63":0,"64":0,"65":0,"66":0,"67":6,"68":6,"69":0,"70":0,"71":0,"72":0,"73":0,"74":6,"75":6,"76":0,"77":0,"78":0,"79":0,"80":0,"81":6,"82":6,"83":0,"84":0,"85":0,"86":0,"87":0,"88":6,"89":6,"90":0,"91":6,"92":6,"93":0,"94":6,"95":6,"96":0,"97":0,"98":6},"f":{"0":0,"1":0,"2":0,"3":0,"4":0,"5":0,"6":0,"7":0,"8":0,"9":0,"10":0,"11":0,"12":0,"13":0,"14":0,"15":0,"16":0,"17":0,"18":0,"19":0,"20":0,"21":0,"22":0,"23":0,"24":0,"25":0,"26":0,"27":0,"28":0,"29":0,"30":0,"31":0,"32":0,"33":0,"34":0},"b":{"0":[0,0],"1":[0],"2":[0,0,0],"3":[0],"4":[0],"5":[0],"6":[0,0],"7":[0,0],"8":[0],"9":[0,0],"10":[0,0],"11":[0],"12":[0,0],"13":[0,0],"14":[0],"15":[0,0],"16":[0,0],"17":[0],"18":[0,0],"19":[0,0],"20":[0],"21":[0,0],"22":[0,0],"23":[0],"24":[0,0],"25":[0,0],"26":[0],"27":[0,0],"28":[0,0]}}
,"C:\\Users\\User\\Downloads\\temp\\stellar-burgers\\src\\utils\\cookie.ts": {"path":"C:\\Users\\User\\Downloads\\temp\\stellar-burgers\\src\\utils\\cookie.ts","statementMap":{"0":{"start":{"line":2,"column":18},"end":{"line":8,"column":null}},"1":{"start":{"line":10,"column":2},"end":{"line":10,"column":62}},"2":{"start":{"line":1,"column":0},"end":{"line":1,"column":16}},"3":{"start":{"line":16,"column":2},"end":{"line":16,"column":null}},"4":{"start":{"line":18,"column":2},"end":{"line":21,"column":4}},"5":{"start":{"line":23,"column":12},"end":{"line":23,"column":25}},"6":{"start":{"line":24,"column":2},"end":{"line":28,"column":3}},"7":{"start":{"line":25,"column":14},"end":{"line":25,"column":24}},"8":{"start":{"line":26,"column":4},"end":{"line":26,"column":40}},"9":{"start":{"line":27,"column":4},"end":{"line":27,"column":28}},"10":{"start":{"line":30,"column":2},"end":{"line":32,"column":3}},"11":{"start":{"line":31,"column":4},"end":{"line":31,"column":38}},"12":{"start":{"line":33,"column":2},"end":{"line":33,"column":36}},"13":{"start":{"line":34,"column":22},"end":{"line":34,"column":40}},"14":{"start":{"line":35,"column":2},"end":{"line":41,"column":3}},"15":{"start":{"line":36,"column":4},"end":{"line":36,"column":37}},"16":{"start":{"line":37,"column":22},"end":{"line":37,"column":37}},"17":{"start":{"line":38,"column":4},"end":{"line":40,"column":5}},"18":{"start":{"line":39,"column":6},"end":{"line":39,"column":39}},"19":{"start":{"line":42,"column":2},"end":{"line":42,"column":34}},"20":{"start":{"line":13,"column":0},"end":{"line":13,"column":16}},"21":{"start":{"line":46,"column":2},"end":{"line":46,"column":39}},"22":{"start":{"line":45,"column":0},"end":{"line":45,"column":16}}},"fnMap":{"0":{"name":"getCookie","decl":{"start":{"line":1,"column":16},"end":{"line":1,"column":25}},"loc":{"start":{"line":1,"column":38},"end":{"line":11,"column":1}}},"1":{"name":"setCookie","decl":{"start":{"line":13,"column":16},"end":{"line":13,"column":25}},"loc":{"start":{"line":16,"column":65},"end":{"line":43,"column":1}}},"2":{"name":"deleteCookie","decl":{"start":{"line":45,"column":16},"end":{"line":45,"column":28}},"loc":{"start":{"line":45,"column":41},"end":{"line":47,"column":1}}}},"branchMap":{"0":{"loc":{"start":{"line":10,"column":9},"end":{"line":10,"column":61}},"type":"cond-expr","locations":[{"start":{"line":10,"column":19},"end":{"line":10,"column":49}},{"start":{"line":10,"column":52},"end":{"line":10,"column":61}}]},"1":{"loc":{"start":{"line":16,"column":2},"end":{"line":16,"column":null}},"type":"if","locations":[{"start":{"line":16,"column":2},"end":{"line":16,"column":null}}]},"2":{"loc":{"start":{"line":24,"column":2},"end":{"line":28,"column":3}},"type":"if","locations":[{"start":{"line":24,"column":2},"end":{"line":28,"column":3}}]},"3":{"loc":{"start":{"line":24,"column":6},"end":{"line":24,"column":36}},"type":"binary-expr","locations":[{"start":{"line":24,"column":6},"end":{"line":24,"column":9}},{"start":{"line":24,"column":13},"end":{"line":24,"column":36}}]},"4":{"loc":{"start":{"line":30,"column":2},"end":{"line":32,"column":3}},"type":"if","locations":[{"start":{"line":30,"column":2},"end":{"line":32,"column":3}}]},"5":{"loc":{"start":{"line":30,"column":6},"end":{"line":30,"column":32}},"type":"binary-expr","locations":[{"start":{"line":30,"column":6},"end":{"line":30,"column":9}},{"start":{"line":30,"column":13},"end":{"line":30,"column":32}}]},"6":{"loc":{"start":{"line":38,"column":4},"end":{"line":40,"column":5}},"type":"if","locations":[{"start":{"line":38,"column":4},"end":{"line":40,"column":5}}]}},"s":{"0":0,"1":0,"2":5,"3":0,"4":0,"5":0,"6":0,"7":0,"8":0,"9":0,"10":0,"11":0,"12":0,"13":0,"14":0,"15":0,"16":0,"17":0,"18":0,"19":0,"20":5,"21":0,"22":5},"f":{"0":0,"1":0,"2":0},"b":{"0":[0,0],"1":[0],"2":[0],"3":[0,0],"4":[0],"5":[0,0],"6":[0]}}
}
